<?xml version="1.0" encoding="UTF-8"?>
<coverage generated="1620396992942" clover="3.2.0">
  <project timestamp="1620396992943" name="All files">
    <metrics statements="37" coveredstatements="27" conditionals="6" coveredconditionals="2" methods="8" coveredmethods="5" elements="51" coveredelements="34" complexity="0" loc="37" ncloc="37" packages="1" files="2" classes="2"/>
    <file name="index.js" path="C:\dev\training\_rocketSeat\ignite\node\rocketseat-ignite-node-mod01-chall03\src\index.js">
      <metrics statements="35" coveredstatements="27" conditionals="6" coveredconditionals="2" methods="8" coveredmethods="5"/>
      <line num="1" count="2" type="stmt"/>
      <line num="3" count="2" type="stmt"/>
      <line num="5" count="2" type="stmt"/>
      <line num="7" count="2" type="stmt"/>
      <line num="9" count="2" type="stmt"/>
      <line num="11" count="2" type="stmt"/>
      <line num="12" count="3" type="stmt"/>
      <line num="15" count="2" type="stmt"/>
      <line num="16" count="6" type="stmt"/>
      <line num="18" count="6" type="stmt"/>
      <line num="26" count="6" type="stmt"/>
      <line num="29" count="2" type="stmt"/>
      <line num="30" count="3" type="stmt"/>
      <line num="31" count="3" type="stmt"/>
      <line num="33" count="3" type="stmt"/>
      <line num="35" count="0" type="cond" truecount="0" falsecount="2"/>
      <line num="36" count="0" type="stmt"/>
      <line num="39" count="0" type="stmt"/>
      <line num="41" count="0" type="stmt"/>
      <line num="43" count="0" type="stmt"/>
      <line num="46" count="2" type="stmt"/>
      <line num="47" count="2" type="stmt"/>
      <line num="49" count="2" type="stmt"/>
      <line num="51" count="2" type="cond" truecount="1" falsecount="1"/>
      <line num="52" count="0" type="stmt"/>
      <line num="55" count="2" type="stmt"/>
      <line num="57" count="2" type="stmt"/>
      <line num="60" count="2" type="stmt"/>
      <line num="61" count="2" type="stmt"/>
      <line num="63" count="2" type="stmt"/>
      <line num="65" count="2" type="cond" truecount="1" falsecount="1"/>
      <line num="66" count="2" type="stmt"/>
      <line num="69" count="0" type="stmt"/>
      <line num="71" count="0" type="stmt"/>
      <line num="74" count="2" type="stmt"/>
    </file>
    <file name="server.js" path="C:\dev\training\_rocketSeat\ignite\node\rocketseat-ignite-node-mod01-chall03\src\server.js">
      <metrics statements="2" coveredstatements="0" conditionals="0" coveredconditionals="0" methods="0" coveredmethods="0"/>
      <line num="1" count="0" type="stmt"/>
      <line num="3" count="0" type="stmt"/>
    </file>
  </project>
</coverage>
