<?xml version="1.0" encoding="UTF-8"?>
<coverage generated="1620497862728" clover="3.2.0">
  <project timestamp="1620497862729" name="All files">
    <metrics statements="50" coveredstatements="45" conditionals="14" coveredconditionals="13" methods="8" coveredmethods="8" elements="72" coveredelements="66" complexity="0" loc="50" ncloc="50" packages="1" files="2" classes="2"/>
    <file name="index.js" path="C:\dev\training\_rocketSeat\ignite\node\rocketseat-ignite-node-mod01-chall03\src\index.js">
      <metrics statements="46" coveredstatements="45" conditionals="14" coveredconditionals="13" methods="8" coveredmethods="8"/>
      <line num="1" count="2" type="stmt"/>
      <line num="3" count="2" type="stmt"/>
      <line num="5" count="2" type="stmt"/>
      <line num="7" count="2" type="stmt"/>
      <line num="9" count="2" type="stmt"/>
      <line num="11" count="2" type="stmt"/>
      <line num="12" count="3" type="stmt"/>
      <line num="15" count="2" type="stmt"/>
      <line num="16" count="6" type="stmt"/>
      <line num="18" count="6" type="stmt"/>
      <line num="26" count="6" type="stmt"/>
      <line num="28" count="6" type="stmt"/>
      <line num="31" count="2" type="stmt"/>
      <line num="32" count="3" type="stmt"/>
      <line num="35" count="3" type="stmt"/>
      <line num="37" count="3" type="cond" truecount="2" falsecount="0"/>
      <line num="38" count="1" type="stmt"/>
      <line num="41" count="7" type="stmt"/>
      <line num="43" count="2" type="cond" truecount="1" falsecount="1"/>
      <line num="44" count="0" type="stmt"/>
      <line num="47" count="2" type="stmt"/>
      <line num="48" count="2" type="stmt"/>
      <line num="50" count="2" type="cond" truecount="2" falsecount="0"/>
      <line num="51" count="1" type="stmt"/>
      <line num="53" count="2" type="cond" truecount="2" falsecount="0"/>
      <line num="54" count="1" type="stmt"/>
      <line num="56" count="2" type="cond" truecount="2" falsecount="0"/>
      <line num="57" count="1" type="stmt"/>
      <line num="59" count="2" type="stmt"/>
      <line num="64" count="2" type="stmt"/>
      <line num="66" count="2" type="stmt"/>
      <line num="69" count="2" type="stmt"/>
      <line num="70" count="2" type="stmt"/>
      <line num="72" count="9" type="stmt"/>
      <line num="74" count="2" type="cond" truecount="2" falsecount="0"/>
      <line num="75" count="1" type="stmt"/>
      <line num="78" count="1" type="stmt"/>
      <line num="80" count="1" type="stmt"/>
      <line num="83" count="2" type="stmt"/>
      <line num="84" count="3" type="stmt"/>
      <line num="86" count="3" type="stmt"/>
      <line num="88" count="3" type="cond" truecount="2" falsecount="0"/>
      <line num="89" count="1" type="stmt"/>
      <line num="92" count="2" type="stmt"/>
      <line num="94" count="2" type="stmt"/>
      <line num="97" count="2" type="stmt"/>
    </file>
    <file name="server.js" path="C:\dev\training\_rocketSeat\ignite\node\rocketseat-ignite-node-mod01-chall03\src\server.js">
      <metrics statements="4" coveredstatements="0" conditionals="0" coveredconditionals="0" methods="0" coveredmethods="0"/>
      <line num="1" count="0" type="stmt"/>
      <line num="3" count="0" type="stmt"/>
      <line num="5" count="0" type="stmt"/>
      <line num="7" count="0" type="stmt"/>
    </file>
  </project>
</coverage>
