{"C:\\dev\\training\\_rocketSeat\\ignite\\node\\rocketseat-ignite-node-mod01-chall03\\src\\index.js": {"path":"C:\\dev\\training\\_rocketSeat\\ignite\\node\\rocketseat-ignite-node-mod01-chall03\\src\\index.js","statementMap":{"0":{"start":{"line":1,"column":16},"end":{"line":1,"column":34}},"1":{"start":{"line":3,"column":39},"end":{"line":3,"column":54}},"2":{"start":{"line":5,"column":12},"end":{"line":5,"column":21}},"3":{"start":{"line":7,"column":0},"end":{"line":7,"column":24}},"4":{"start":{"line":9,"column":21},"end":{"line":9,"column":23}},"5":{"start":{"line":11,"column":0},"end":{"line":13,"column":3}},"6":{"start":{"line":12,"column":2},"end":{"line":12,"column":37}},"7":{"start":{"line":15,"column":0},"end":{"line":29,"column":3}},"8":{"start":{"line":16,"column":32},"end":{"line":16,"column":44}},"9":{"start":{"line":18,"column":21},"end":{"line":24,"column":3}},"10":{"start":{"line":26,"column":2},"end":{"line":26,"column":32}},"11":{"start":{"line":28,"column":2},"end":{"line":28,"column":47}},"12":{"start":{"line":31,"column":0},"end":{"line":67,"column":3}},"13":{"start":{"line":32,"column":17},"end":{"line":32,"column":31}},"14":{"start":{"line":35,"column":24},"end":{"line":35,"column":36}},"15":{"start":{"line":37,"column":2},"end":{"line":39,"column":3}},"16":{"start":{"line":38,"column":4},"end":{"line":38,"column":69}},"17":{"start":{"line":41,"column":2},"end":{"line":41,"column":79}},"18":{"start":{"line":41,"column":57},"end":{"line":41,"column":77}},"19":{"start":{"line":43,"column":2},"end":{"line":45,"column":3}},"20":{"start":{"line":44,"column":4},"end":{"line":44,"column":72}},"21":{"start":{"line":47,"column":23},"end":{"line":47,"column":52}},"22":{"start":{"line":48,"column":18},"end":{"line":48,"column":36}},"23":{"start":{"line":50,"column":2},"end":{"line":51,"column":34}},"24":{"start":{"line":51,"column":4},"end":{"line":51,"column":34}},"25":{"start":{"line":53,"column":2},"end":{"line":54,"column":30}},"26":{"start":{"line":54,"column":4},"end":{"line":54,"column":30}},"27":{"start":{"line":56,"column":2},"end":{"line":57,"column":34}},"28":{"start":{"line":57,"column":4},"end":{"line":57,"column":34}},"29":{"start":{"line":59,"column":21},"end":{"line":62,"column":3}},"30":{"start":{"line":64,"column":2},"end":{"line":64,"column":45}},"31":{"start":{"line":66,"column":2},"end":{"line":66,"column":35}},"32":{"start":{"line":69,"column":0},"end":{"line":81,"column":3}},"33":{"start":{"line":70,"column":17},"end":{"line":70,"column":31}},"34":{"start":{"line":72,"column":2},"end":{"line":72,"column":79}},"35":{"start":{"line":72,"column":57},"end":{"line":72,"column":77}},"36":{"start":{"line":74,"column":2},"end":{"line":76,"column":3}},"37":{"start":{"line":75,"column":4},"end":{"line":75,"column":72}},"38":{"start":{"line":78,"column":2},"end":{"line":78,"column":42}},"39":{"start":{"line":80,"column":2},"end":{"line":80,"column":37}},"40":{"start":{"line":83,"column":0},"end":{"line":95,"column":3}},"41":{"start":{"line":84,"column":17},"end":{"line":84,"column":31}},"42":{"start":{"line":86,"column":2},"end":{"line":86,"column":79}},"43":{"start":{"line":86,"column":57},"end":{"line":86,"column":77}},"44":{"start":{"line":88,"column":2},"end":{"line":90,"column":3}},"45":{"start":{"line":89,"column":4},"end":{"line":89,"column":72}},"46":{"start":{"line":92,"column":16},"end":{"line":92,"column":53}},"47":{"start":{"line":94,"column":2},"end":{"line":94,"column":41}},"48":{"start":{"line":97,"column":0},"end":{"line":97,"column":21}}},"fnMap":{"0":{"name":"(anonymous_0)","decl":{"start":{"line":11,"column":25},"end":{"line":11,"column":26}},"loc":{"start":{"line":11,"column":48},"end":{"line":13,"column":1}},"line":11},"1":{"name":"(anonymous_1)","decl":{"start":{"line":15,"column":26},"end":{"line":15,"column":27}},"loc":{"start":{"line":15,"column":49},"end":{"line":29,"column":1}},"line":15},"2":{"name":"(anonymous_2)","decl":{"start":{"line":31,"column":29},"end":{"line":31,"column":30}},"loc":{"start":{"line":31,"column":52},"end":{"line":67,"column":1}},"line":31},"3":{"name":"(anonymous_3)","decl":{"start":{"line":41,"column":43},"end":{"line":41,"column":44}},"loc":{"start":{"line":41,"column":57},"end":{"line":41,"column":77}},"line":41},"4":{"name":"(anonymous_4)","decl":{"start":{"line":69,"column":32},"end":{"line":69,"column":33}},"loc":{"start":{"line":69,"column":55},"end":{"line":81,"column":1}},"line":69},"5":{"name":"(anonymous_5)","decl":{"start":{"line":72,"column":43},"end":{"line":72,"column":44}},"loc":{"start":{"line":72,"column":57},"end":{"line":72,"column":77}},"line":72},"6":{"name":"(anonymous_6)","decl":{"start":{"line":83,"column":35},"end":{"line":83,"column":36}},"loc":{"start":{"line":83,"column":58},"end":{"line":95,"column":1}},"line":83},"7":{"name":"(anonymous_7)","decl":{"start":{"line":86,"column":43},"end":{"line":86,"column":44}},"loc":{"start":{"line":86,"column":57},"end":{"line":86,"column":77}},"line":86}},"branchMap":{"0":{"loc":{"start":{"line":37,"column":2},"end":{"line":39,"column":3}},"type":"if","locations":[{"start":{"line":37,"column":2},"end":{"line":39,"column":3}},{"start":{"line":37,"column":2},"end":{"line":39,"column":3}}],"line":37},"1":{"loc":{"start":{"line":43,"column":2},"end":{"line":45,"column":3}},"type":"if","locations":[{"start":{"line":43,"column":2},"end":{"line":45,"column":3}},{"start":{"line":43,"column":2},"end":{"line":45,"column":3}}],"line":43},"2":{"loc":{"start":{"line":50,"column":2},"end":{"line":51,"column":34}},"type":"if","locations":[{"start":{"line":50,"column":2},"end":{"line":51,"column":34}},{"start":{"line":50,"column":2},"end":{"line":51,"column":34}}],"line":50},"3":{"loc":{"start":{"line":53,"column":2},"end":{"line":54,"column":30}},"type":"if","locations":[{"start":{"line":53,"column":2},"end":{"line":54,"column":30}},{"start":{"line":53,"column":2},"end":{"line":54,"column":30}}],"line":53},"4":{"loc":{"start":{"line":56,"column":2},"end":{"line":57,"column":34}},"type":"if","locations":[{"start":{"line":56,"column":2},"end":{"line":57,"column":34}},{"start":{"line":56,"column":2},"end":{"line":57,"column":34}}],"line":56},"5":{"loc":{"start":{"line":74,"column":2},"end":{"line":76,"column":3}},"type":"if","locations":[{"start":{"line":74,"column":2},"end":{"line":76,"column":3}},{"start":{"line":74,"column":2},"end":{"line":76,"column":3}}],"line":74},"6":{"loc":{"start":{"line":88,"column":2},"end":{"line":90,"column":3}},"type":"if","locations":[{"start":{"line":88,"column":2},"end":{"line":90,"column":3}},{"start":{"line":88,"column":2},"end":{"line":90,"column":3}}],"line":88}},"s":{"0":2,"1":2,"2":2,"3":2,"4":2,"5":2,"6":3,"7":2,"8":6,"9":6,"10":6,"11":6,"12":2,"13":3,"14":3,"15":3,"16":1,"17":2,"18":7,"19":2,"20":0,"21":2,"22":2,"23":2,"24":1,"25":2,"26":1,"27":2,"28":1,"29":2,"30":2,"31":2,"32":2,"33":2,"34":2,"35":9,"36":2,"37":1,"38":1,"39":1,"40":2,"41":3,"42":3,"43":3,"44":3,"45":1,"46":2,"47":2,"48":2},"f":{"0":3,"1":6,"2":3,"3":7,"4":2,"5":9,"6":3,"7":3},"b":{"0":[1,2],"1":[0,2],"2":[1,1],"3":[1,1],"4":[1,1],"5":[1,1],"6":[1,2]},"_coverageSchema":"1a1c01bbd47fc00a2c39e90264f33305004495a9","hash":"e614d1e493d76019f302cc664e0c35e33d44be14"}
,"C:\\dev\\training\\_rocketSeat\\ignite\\node\\rocketseat-ignite-node-mod01-chall03\\src\\server.js": {"path":"C:\\dev\\training\\_rocketSeat\\ignite\\node\\rocketseat-ignite-node-mod01-chall03\\src\\server.js","statementMap":{"0":{"start":{"line":1,"column":12},"end":{"line":1,"column":25}},"1":{"start":{"line":3,"column":13},"end":{"line":3,"column":17}},"2":{"start":{"line":5,"column":0},"end":{"line":5,"column":17}},"3":{"start":{"line":7,"column":0},"end":{"line":7,"column":71}}},"fnMap":{},"branchMap":{},"s":{"0":0,"1":0,"2":0,"3":0},"f":{},"b":{}}
}
