TN:
SF:src\index.js
FN:11,(anonymous_0)
FN:15,(anonymous_1)
FN:31,(anonymous_2)
FN:41,(anonymous_3)
FN:69,(anonymous_4)
FN:72,(anonymous_5)
FN:83,(anonymous_6)
FN:86,(anonymous_7)
FNF:8
FNH:8
FNDA:3,(anonymous_0)
FNDA:6,(anonymous_1)
FNDA:3,(anonymous_2)
FNDA:7,(anonymous_3)
FNDA:2,(anonymous_4)
FNDA:9,(anonymous_5)
FNDA:3,(anonymous_6)
FNDA:3,(anonymous_7)
DA:1,2
DA:3,2
DA:5,2
DA:7,2
DA:9,2
DA:11,2
DA:12,3
DA:15,2
DA:16,6
DA:18,6
DA:26,6
DA:28,6
DA:31,2
DA:32,3
DA:35,3
DA:37,3
DA:38,1
DA:41,7
DA:43,2
DA:44,0
DA:47,2
DA:48,2
DA:50,2
DA:51,1
DA:53,2
DA:54,1
DA:56,2
DA:57,1
DA:59,2
DA:64,2
DA:66,2
DA:69,2
DA:70,2
DA:72,9
DA:74,2
DA:75,1
DA:78,1
DA:80,1
DA:83,2
DA:84,3
DA:86,3
DA:88,3
DA:89,1
DA:92,2
DA:94,2
DA:97,2
LF:46
LH:45
BRDA:37,0,0,1
BRDA:37,0,1,2
BRDA:43,1,0,0
BRDA:43,1,1,2
BRDA:50,2,0,1
BRDA:50,2,1,1
BRDA:53,3,0,1
BRDA:53,3,1,1
BRDA:56,4,0,1
BRDA:56,4,1,1
BRDA:74,5,0,1
BRDA:74,5,1,1
BRDA:88,6,0,1
BRDA:88,6,1,2
BRF:14
BRH:13
end_of_record
TN:
SF:src\server.js
FNF:0
FNH:0
DA:1,0
DA:3,0
DA:5,0
DA:7,0
LF:4
LH:0
BRF:0
BRH:0
end_of_record
